<?xml version="1.0" encoding="UTF-8"?>
<!-- Generated by org.testng.reporters.JUnitReportReporter -->
<testsuite hostname="AslamB" failures="0" tests="3" name="testPack.TC001_verifyLogin" time="9.069" errors="0" timestamp="2023-10-28T21:39:35 IST" skipped="0">
  <testcase classname="testPack.TC001_verifyLogin" name="verifyLogin" time="2.689"/>
  <system-out/>
  <testcase classname="testPack.TC001_verifyLogin" name="verifyLogin" time="2.314"/>
  <system-out/>
  <testcase classname="testPack.TC001_verifyLogin" name="verifyLogin" time="4.066"/>
  <system-out/>
</testsuite> <!-- testPack.TC001_verifyLogin -->
